0 info it worked if it ends with ok
1 verbose cli [ '/usr/bin/nodejs', '/usr/bin/npm', 'i', '-g', 'bower' ]
2 info using npm@2.15.9
3 info using node@v4.5.0
4 verbose install initial load of /usr/lib/package.json
5 verbose readDependencies loading dependencies from /usr/lib/package.json
6 silly cache add args [ 'bower', null ]
7 verbose cache add spec bower
8 silly cache add parsed spec Result {
8 silly cache add   raw: 'bower',
8 silly cache add   scope: null,
8 silly cache add   name: 'bower',
8 silly cache add   rawSpec: '',
8 silly cache add   spec: 'latest',
8 silly cache add   type: 'tag' }
9 silly addNamed bower@latest
10 verbose addNamed "latest" is being treated as a dist-tag for bower
11 info addNameTag [ 'bower', 'latest' ]
12 silly mapToRegistry name bower
13 silly mapToRegistry using default registry
14 silly mapToRegistry registry https://registry.npmjs.org/
15 silly mapToRegistry data Result {
15 silly mapToRegistry   raw: 'bower',
15 silly mapToRegistry   scope: null,
15 silly mapToRegistry   name: 'bower',
15 silly mapToRegistry   rawSpec: '',
15 silly mapToRegistry   spec: 'latest',
15 silly mapToRegistry   type: 'tag' }
16 silly mapToRegistry uri https://registry.npmjs.org/bower
17 verbose addNameTag registry:https://registry.npmjs.org/bower not in flight; fetching
18 verbose get https://registry.npmjs.org/bower not expired, no request
19 silly addNameTag next cb for bower with tag latest
20 silly addNamed bower@1.8.0
21 verbose addNamed "1.8.0" is a plain semver version for bower
22 silly cache afterAdd bower@1.8.0
23 verbose afterAdd /home/mkhali8/.npm/bower/1.8.0/package/package.json not in flight; writing
24 verbose correctMkdir /home/mkhali8/.npm correctMkdir not in flight; initializing
25 verbose afterAdd /home/mkhali8/.npm/bower/1.8.0/package/package.json written
26 silly install resolved [ { name: 'bower',
26 silly install resolved     version: '1.8.0',
26 silly install resolved     description: 'The browser package manager',
26 silly install resolved     author: { name: 'Twitter' },
26 silly install resolved     license: 'MIT',
26 silly install resolved     repository: { type: 'git', url: 'git+https://github.com/bower/bower.git' },
26 silly install resolved     main: 'lib',
26 silly install resolved     bin: { bower: 'bin/bower' },
26 silly install resolved     homepage: 'http://bower.io',
26 silly install resolved     engines: { node: '>=0.10.0' },
26 silly install resolved     keywords: [ 'bower' ],
26 silly install resolved     files: [ 'bin', 'lib' ],
26 silly install resolved     bugs: { url: 'https://github.com/bower/bower/issues' },
26 silly install resolved     _id: 'bower@1.8.0',
26 silly install resolved     scripts: {},
26 silly install resolved     _shasum: '55dbebef0ad9155382d9e9d3e497c1372345b44a',
26 silly install resolved     _from: 'bower@latest',
26 silly install resolved     _npmVersion: '3.10.9',
26 silly install resolved     _nodeVersion: '4.4.6',
26 silly install resolved     _npmUser: { name: 'sheerun', email: 'sheerun@sher.pl' },
26 silly install resolved     dist:
26 silly install resolved      { shasum: '55dbebef0ad9155382d9e9d3e497c1372345b44a',
26 silly install resolved        tarball: 'https://registry.npmjs.org/bower/-/bower-1.8.0.tgz' },
26 silly install resolved     maintainers:
26 silly install resolved      [ [Object],
26 silly install resolved        [Object],
26 silly install resolved        [Object],
26 silly install resolved        [Object],
26 silly install resolved        [Object],
26 silly install resolved        [Object],
26 silly install resolved        [Object] ],
26 silly install resolved     _npmOperationalInternal:
26 silly install resolved      { host: 'packages-18-east.internal.npmjs.com',
26 silly install resolved        tmp: 'tmp/bower-1.8.0.tgz_1478512918020_0.7136248126626015' },
26 silly install resolved     directories: {},
26 silly install resolved     _resolved: 'https://registry.npmjs.org/bower/-/bower-1.8.0.tgz',
26 silly install resolved     readme: 'ERROR: No README data found!' } ]
27 info install bower@1.8.0 into /usr/lib
28 info installOne bower@1.8.0
29 verbose installOne of bower to /usr/lib not in flight; installing
30 verbose correctMkdir /home/mkhali8/.npm/_locks correctMkdir not in flight; initializing
31 verbose lock using /home/mkhali8/.npm/_locks/bower-f46d670cb56ecd4d.lock for /usr/lib/node_modules/bower
32 silly install write writing bower 1.8.0 to /usr/lib/node_modules/bower
33 verbose unbuild lib/node_modules/bower
34 silly gentlyRm /usr/lib/node_modules/bower is being purged from base /usr
35 verbose gentlyRm don't care about contents; nuking /usr/lib/node_modules/bower
36 verbose tar unpack /home/mkhali8/.npm/bower/1.8.0/package.tgz
37 verbose tar unpacking to /usr/lib/node_modules/bower
38 silly gentlyRm /usr/lib/node_modules/bower is being purged
39 verbose gentlyRm don't care about contents; nuking /usr/lib/node_modules/bower
40 silly gunzTarPerm modes [ '755', '644' ]
41 error tar.unpack untar error /home/mkhali8/.npm/bower/1.8.0/package.tgz
42 verbose unlock done using /home/mkhali8/.npm/_locks/bower-f46d670cb56ecd4d.lock for /usr/lib/node_modules/bower
43 verbose fstream_path /usr/lib/node_modules/bower
44 verbose fstream_type Directory
45 verbose fstream_class DirWriter
46 verbose stack Error: EACCES: permission denied, mkdir '/usr/lib/node_modules/bower'
46 verbose stack     at Error (native)
47 verbose fstream_stack /usr/lib/node_modules/npm/node_modules/fstream/lib/dir-writer.js:35:25
47 verbose fstream_stack /usr/lib/node_modules/npm/node_modules/mkdirp/index.js:47:53
47 verbose fstream_stack FSReqWrap.oncomplete (fs.js:82:15)
48 verbose cwd /home/mkhali8/dev/multirater-viewer
49 error Linux 4.4.0-34-generic
50 error argv "/usr/bin/nodejs" "/usr/bin/npm" "i" "-g" "bower"
51 error node v4.5.0
52 error npm  v2.15.9
53 error path /usr/lib/node_modules/bower
54 error code EACCES
55 error errno -13
56 error syscall mkdir
57 error Error: EACCES: permission denied, mkdir '/usr/lib/node_modules/bower'
57 error     at Error (native)
57 error  { [Error: EACCES: permission denied, mkdir '/usr/lib/node_modules/bower']
57 error   errno: -13,
57 error   code: 'EACCES',
57 error   syscall: 'mkdir',
57 error   path: '/usr/lib/node_modules/bower',
57 error   fstream_type: 'Directory',
57 error   fstream_path: '/usr/lib/node_modules/bower',
57 error   fstream_class: 'DirWriter',
57 error   fstream_stack:
57 error    [ '/usr/lib/node_modules/npm/node_modules/fstream/lib/dir-writer.js:35:25',
57 error      '/usr/lib/node_modules/npm/node_modules/mkdirp/index.js:47:53',
57 error      'FSReqWrap.oncomplete (fs.js:82:15)' ] }
58 error Please try running this command again as root/Administrator.
59 verbose exit [ -13, true ]
60 verbose unbuild lib/node_modules/bower
61 silly gentlyRm /usr/lib/node_modules/bower is being purged from base /usr
62 verbose gentlyRm don't care about contents; nuking /usr/lib/node_modules/bower
